<?xml version="1.0" encoding="UTF-8"?>
<testng-results ignored="0" total="1" passed="1" failed="0" skipped="0">
  <reporter-output>
  </reporter-output>
  <suite started-at="2022-12-28T15:54:45 IST" name="Default suite" finished-at="2022-12-28T15:54:45 IST" duration-ms="66">
    <groups>
    </groups>
    <test started-at="2022-12-28T15:54:45 IST" name="Default test" finished-at="2022-12-28T15:54:45 IST" duration-ms="66">
      <class name="PayLoadHandling.NestedJSONPayLoad">
        <test-method signature="createNestedPayload()[pri:0, instance:PayLoadHandling.NestedJSONPayLoad@2abf4075]" started-at="2022-12-28T15:54:45 IST" name="createNestedPayload" finished-at="2022-12-28T15:54:45 IST" duration-ms="11" status="PASS">
          <reporter-output>
          </reporter-output>
        </test-method> <!-- createNestedPayload -->
      </class> <!-- PayLoadHandling.NestedJSONPayLoad -->
    </test> <!-- Default test -->
  </suite> <!-- Default suite -->
</testng-results>
